<?xml version="1.0" encoding="UTF-8"?>
<testng-results ignored="0" total="2" passed="2" failed="0" skipped="0">
  <reporter-output>
    <line>
      <![CDATA[Method Name is :registrationTest]]>
    </line>
    <line>
      <![CDATA[Method Name is :computerOrderTest]]>
    </line>
    <line>
      <![CDATA[Status Of Execution is 1]]>
    </line>
    <line>
      <![CDATA[Status Of Execution is 1]]>
    </line>
  </reporter-output>
  <suite started-at="2023-07-18T17:38:09 EET" name="All Test Suite" finished-at="2023-07-18T17:38:43 EET" duration-ms="34529">
    <groups>
    </groups>
    <test started-at="2023-07-18T17:38:09 EET" name="E:/testing/java/projects/nopCommerceFrameWork" finished-at="2023-07-18T17:38:43 EET" duration-ms="34529">
      <class name="pages.RegistrationTest">
        <test-method is-config="true" signature="setUp(java.lang.String)[pri:0, instance:pages.RegistrationTest@bb095]" started-at="2023-07-18T17:38:09 EET" name="setUp" finished-at="2023-07-18T17:38:27 EET" duration-ms="18582" status="PASS">
          <params>
            <param index="0">
              <value>
                <![CDATA[CHROME]]>
              </value>
            </param>
          </params>
          <reporter-output>
          </reporter-output>
        </test-method> <!-- setUp -->
        <test-method signature="registrationTest()[pri:0, instance:pages.RegistrationTest@bb095]" started-at="2023-07-18T17:38:27 EET" name="registrationTest" finished-at="2023-07-18T17:38:38 EET" duration-ms="10470" status="PASS">
          <reporter-output>
            <line>
              <![CDATA[Method Name is :registrationTest]]>
            </line>
            <line>
              <![CDATA[Status Of Execution is 1]]>
            </line>
          </reporter-output>
        </test-method> <!-- registrationTest -->
        <test-method is-config="true" signature="tearDown()[pri:0, instance:pages.RegistrationTest@bb095]" started-at="2023-07-18T17:38:38 EET" name="tearDown" finished-at="2023-07-18T17:38:39 EET" duration-ms="921" status="PASS">
          <reporter-output>
          </reporter-output>
        </test-method> <!-- tearDown -->
        <test-method is-config="true" signature="tearDown()[pri:0, instance:pages.RegistrationTest@bb095]" started-at="2023-07-18T17:38:39 EET" name="tearDown" finished-at="2023-07-18T17:38:39 EET" duration-ms="1" status="PASS">
          <reporter-output>
          </reporter-output>
        </test-method> <!-- tearDown -->
      </class> <!-- pages.RegistrationTest -->
      <class name="pages.orderTest">
        <test-method is-config="true" signature="setUp(java.lang.String)[pri:0, instance:pages.orderTest@5dc3fcb7]" started-at="2023-07-18T17:38:09 EET" name="setUp" finished-at="2023-07-18T17:38:30 EET" duration-ms="20958" status="PASS">
          <params>
            <param index="0">
              <value>
                <![CDATA[CHROME]]>
              </value>
            </param>
          </params>
          <reporter-output>
          </reporter-output>
        </test-method> <!-- setUp -->
        <test-method signature="computerOrderTest()[pri:0, instance:pages.orderTest@5dc3fcb7]" started-at="2023-07-18T17:38:30 EET" name="computerOrderTest" finished-at="2023-07-18T17:38:43 EET" duration-ms="13018" status="PASS">
          <reporter-output>
            <line>
              <![CDATA[Method Name is :computerOrderTest]]>
            </line>
            <line>
              <![CDATA[Status Of Execution is 1]]>
            </line>
          </reporter-output>
        </test-method> <!-- computerOrderTest -->
        <test-method is-config="true" signature="tearDown()[pri:0, instance:pages.orderTest@5dc3fcb7]" started-at="2023-07-18T17:38:43 EET" name="tearDown" finished-at="2023-07-18T17:38:43 EET" duration-ms="384" status="PASS">
          <reporter-output>
          </reporter-output>
        </test-method> <!-- tearDown -->
        <test-method is-config="true" signature="tearDown()[pri:0, instance:pages.orderTest@5dc3fcb7]" started-at="2023-07-18T17:38:43 EET" name="tearDown" finished-at="2023-07-18T17:38:43 EET" duration-ms="1" status="PASS">
          <reporter-output>
          </reporter-output>
        </test-method> <!-- tearDown -->
      </class> <!-- pages.orderTest -->
    </test> <!-- E:/testing/java/projects/nopCommerceFrameWork -->
  </suite> <!-- All Test Suite -->
</testng-results>
